<?xml version="1.0" encoding="utf-8"?><testsuites name="pytest tests"><testsuite name="pytest" errors="0" failures="0" skipped="0" tests="4" time="1.413" timestamp="2026-06-05T11:50:18.432187+00:00" hostname="agent-env-cfbe7203-f936-4d90-b773-6fdf1314a620"><testcase classname="backend.tests.test_branch_qualified_removal_iteration28" name="test_stages_endpoint_sales_excludes_qualified" time="0.555" /><testcase classname="backend.tests.test_branch_qualified_removal_iteration28" name="test_branch_board_stage_counts_no_qualified" time="0.465" /><testcase classname="backend.tests.test_branch_qualified_removal_iteration28" name="test_branch_board_all_leads_have_valid_stage" time="0.121" /><testcase classname="backend.tests.test_branch_qualified_removal_iteration28" name="test_move_to_qualified_should_fail" time="0.221" /></testsuite></testsuites>